\BOOKMARK [0][-]{chapter*.2}{List\040of\040Figures}{}% 1
\BOOKMARK [0][-]{chapter*.3}{List\040of\040Tables}{}% 2
\BOOKMARK [0][-]{chapter*.6}{Introduction}{}% 3
\BOOKMARK [0][-]{chapter.1}{Riparian\040soil\040nitrogen\040cycling\040and\040isotopic\040enrichment\040in\040response\040to\040a\040long-term\040salmon\040carcass\040manipulation\040experiment}{}% 4
\BOOKMARK [1][-]{section.1.1}{Abstract}{chapter.1}% 5
\BOOKMARK [1][-]{section.1.2}{Introduction}{chapter.1}% 6
\BOOKMARK [1][-]{section.1.3}{Methods}{chapter.1}% 7
\BOOKMARK [1][-]{section.1.4}{Results}{chapter.1}% 8
\BOOKMARK [1][-]{section.1.5}{Discussion}{chapter.1}% 9
\BOOKMARK [1][-]{section.1.6}{Tables}{chapter.1}% 10
\BOOKMARK [1][-]{section.1.7}{Figures}{chapter.1}% 11
\BOOKMARK [0][-]{chapter.2}{Stable\040isotope\040signatures\040in\040historic\040harbor\040seal\040bone\040link\040food\040web-assimilated\040carbon\040and\040nitrogen\040resources\040to\040a\040century\040of\040environmental\040change}{}% 12
\BOOKMARK [1][-]{section.2.1}{Abstract}{chapter.2}% 13
\BOOKMARK [1][-]{section.2.2}{Introduction}{chapter.2}% 14
\BOOKMARK [1][-]{section.2.3}{Methods}{chapter.2}% 15
\BOOKMARK [1][-]{section.2.4}{Results}{chapter.2}% 16
\BOOKMARK [1][-]{section.2.5}{Discussion}{chapter.2}% 17
\BOOKMARK [1][-]{section.2.6}{Tables}{chapter.2}% 18
\BOOKMARK [1][-]{section.2.7}{Figures}{chapter.2}% 19
\BOOKMARK [0][-]{chapter.3}{Tables,\040Graphics,\040References,\040and\040Labels}{}% 20
\BOOKMARK [1][-]{section.3.1}{Tables}{chapter.3}% 21
\BOOKMARK [1][-]{section.3.2}{Figures}{chapter.3}% 22
\BOOKMARK [1][-]{section.3.3}{Footnotes\040and\040Endnotes}{chapter.3}% 23
\BOOKMARK [1][-]{section.3.4}{Cross-referencing\040chapters\040and\040sections}{chapter.3}% 24
\BOOKMARK [1][-]{section.3.5}{Bibliographies}{chapter.3}% 25
\BOOKMARK [1][-]{section.3.6}{Anything\040else?}{chapter.3}% 26
\BOOKMARK [0][-]{chapter*.7}{Conclusion}{}% 27
\BOOKMARK [0][-]{appendix.A}{Appendix\0401}{}% 28
\BOOKMARK [1][-]{section.A.1}{Full\040analytical\040details\040for\040bulk\040stable\040isotopes}{appendix.A}% 29
\BOOKMARK [0][-]{appendix.B}{The\040Second\040Appendix,\040for\040Fun}{}% 30
\BOOKMARK [0][-]{appendix*.8}{Colophon}{}% 31
\BOOKMARK [0][-]{appendix*.9}{References}{}% 32
